<?xml version="1.0" encoding="UTF-8"?>
<!-- Generated by org.testng.reporters.JUnitReportReporter -->
<testsuite hostname="Rafia" failures="0" tests="1" name="automation_code_march_29_2023.LoginToANewTab" time="5.249" errors="0" timestamp="2023-04-08T16:54:19 EDT" skipped="0">
  <testcase classname="automation_code_march_29_2023.LoginToANewTab" name="loginToNewTab" time="5.249"/>
  <system-out/>
</testsuite> <!-- automation_code_march_29_2023.LoginToANewTab -->
